<?xml version="1.0" encoding="UTF-8"?>
<testng-results ignored="0" total="2" passed="2" failed="0" skipped="0">
  <reporter-output>
  </reporter-output>
  <suite started-at="2022-03-26T15:56:31 IST" name="Default suite" finished-at="2022-03-26T15:58:50 IST" duration-ms="138914">
    <groups>
    </groups>
    <test started-at="2022-03-26T15:56:31 IST" name="Default test" finished-at="2022-03-26T15:58:50 IST" duration-ms="138914">
      <class name="com.qa.fb.keyword.Login.LoginTest">
        <test-method signature="loginTest()[pri:0, instance:com.qa.fb.keyword.Login.LoginTest@2bfc268b]" started-at="2022-03-26T15:56:31 IST" name="loginTest" finished-at="2022-03-26T15:56:40 IST" duration-ms="8599" status="PASS">
          <reporter-output>
          </reporter-output>
        </test-method> <!-- loginTest -->
        <test-method signature="signUpTest()[pri:0, instance:com.qa.fb.keyword.Login.LoginTest@2bfc268b]" started-at="2022-03-26T15:56:40 IST" name="signUpTest" finished-at="2022-03-26T15:58:50 IST" duration-ms="130257" status="PASS">
          <reporter-output>
          </reporter-output>
        </test-method> <!-- signUpTest -->
      </class> <!-- com.qa.fb.keyword.Login.LoginTest -->
    </test> <!-- Default test -->
  </suite> <!-- Default suite -->
</testng-results>
